<?xml version="1.0" encoding="UTF-8"?>
<!-- Generated by org.testng.reporters.JUnitReportReporter -->
<testsuite hostname="DESKTOP-RU9860S" failures="0" tests="1" name="com.hrms.testscript.ClassTC003EditEmp" time="16.463" errors="0" timestamp="21 Jul 2023 11:47:30 GMT">
  <testcase classname="com.hrms.testscript.ClassTC003EditEmp" name="tc003" time="16.463"/>
</testsuite> <!-- com.hrms.testscript.ClassTC003EditEmp -->
